[09-Mar-2017 16:31:07 Europe/Paris] PHP Fatal error:  Class 'MaarchTest\PHPUnit_Framework_TestCase' not found in /var/www/html/MaarchCourrier/core/Test/ResControllerTest.php on line 14
[09-Mar-2017 16:31:07 Europe/Paris] PHP Stack trace:
[09-Mar-2017 16:31:07 Europe/Paris] PHP   1. {main}() /usr/bin/phpunit:0
[09-Mar-2017 16:31:07 Europe/Paris] PHP   2. PHPUnit_TextUI_Command::main() /usr/bin/phpunit:29
[09-Mar-2017 16:31:07 Europe/Paris] PHP   3. PHPUnit_TextUI_Command->run() /usr/share/php/PHPUnit/TextUI/Command.php:106
[09-Mar-2017 16:31:07 Europe/Paris] PHP   4. PHPUnit_Runner_BaseTestRunner->getTest() /usr/share/php/PHPUnit/TextUI/Command.php:128
[09-Mar-2017 16:31:07 Europe/Paris] PHP   5. PHPUnit_Runner_BaseTestRunner->loadSuiteClass() /usr/share/php/PHPUnit/Runner/BaseTestRunner.php:65
[09-Mar-2017 16:31:07 Europe/Paris] PHP   6. PHPUnit_Runner_StandardTestSuiteLoader->load() /usr/share/php/PHPUnit/Runner/BaseTestRunner.php:124
[09-Mar-2017 16:31:07 Europe/Paris] PHP   7. PHPUnit_Util_Fileloader::checkAndLoad() /usr/share/php/PHPUnit/Runner/StandardTestSuiteLoader.php:39
[09-Mar-2017 16:31:07 Europe/Paris] PHP   8. PHPUnit_Util_Fileloader::load() /usr/share/php/PHPUnit/Util/Fileloader.php:38
[09-Mar-2017 16:31:07 Europe/Paris] PHP   9. include_once() /usr/share/php/PHPUnit/Util/Fileloader.php:56
[09-Mar-2017 16:32:36 Europe/Paris] PHP Fatal error:  Class 'MaarchTest\PHPUnit_Framework_TestCase' not found in /var/www/html/MaarchCourrier/core/Test/StatusControllerTest.php on line 14
[09-Mar-2017 16:32:36 Europe/Paris] PHP Stack trace:
[09-Mar-2017 16:32:36 Europe/Paris] PHP   1. {main}() /usr/bin/phpunit:0
[09-Mar-2017 16:32:36 Europe/Paris] PHP   2. PHPUnit_TextUI_Command::main() /usr/bin/phpunit:29
[09-Mar-2017 16:32:36 Europe/Paris] PHP   3. PHPUnit_TextUI_Command->run() /usr/share/php/PHPUnit/TextUI/Command.php:106
[09-Mar-2017 16:32:36 Europe/Paris] PHP   4. PHPUnit_Runner_BaseTestRunner->getTest() /usr/share/php/PHPUnit/TextUI/Command.php:128
[09-Mar-2017 16:32:36 Europe/Paris] PHP   5. PHPUnit_Runner_BaseTestRunner->loadSuiteClass() /usr/share/php/PHPUnit/Runner/BaseTestRunner.php:65
[09-Mar-2017 16:32:36 Europe/Paris] PHP   6. PHPUnit_Runner_StandardTestSuiteLoader->load() /usr/share/php/PHPUnit/Runner/BaseTestRunner.php:124
[09-Mar-2017 16:32:36 Europe/Paris] PHP   7. PHPUnit_Util_Fileloader::checkAndLoad() /usr/share/php/PHPUnit/Runner/StandardTestSuiteLoader.php:39
[09-Mar-2017 16:32:36 Europe/Paris] PHP   8. PHPUnit_Util_Fileloader::load() /usr/share/php/PHPUnit/Util/Fileloader.php:38
[09-Mar-2017 16:32:36 Europe/Paris] PHP   9. include_once() /usr/share/php/PHPUnit/Util/Fileloader.php:56
[09-Mar-2017 16:54:48 Europe/Paris] PHP Warning:  include(apps//css/styles.css): failed to open stream: No such file or directory in /var/www/html/MaarchCourrier/apps/maarch_entreprise/merged_css.php on line 109
[09-Mar-2017 16:54:48 Europe/Paris] PHP Stack trace:
[09-Mar-2017 16:54:48 Europe/Paris] PHP   1. {main}() /var/www/html/MaarchCourrier/apps/maarch_entreprise/merged_css.php:0
[09-Mar-2017 16:54:48 Europe/Paris] PHP Warning:  include(): Failed opening 'apps//css/styles.css' for inclusion (include_path='/var/www/html/MaarchCourrier/:.:/usr/share/php') in /var/www/html/MaarchCourrier/apps/maarch_entreprise/merged_css.php on line 109
[09-Mar-2017 16:54:48 Europe/Paris] PHP Stack trace:
[09-Mar-2017 16:54:48 Europe/Paris] PHP   1. {main}() /var/www/html/MaarchCourrier/apps/maarch_entreprise/merged_css.php:0
[09-Mar-2017 16:54:48 Europe/Paris] PHP Warning:  array_keys() expects parameter 1 to be array, null given in /var/www/html/MaarchCourrier/apps/maarch_entreprise/merged_css.php on line 110
[09-Mar-2017 16:54:48 Europe/Paris] PHP Stack trace:
[09-Mar-2017 16:54:48 Europe/Paris] PHP   1. {main}() /var/www/html/MaarchCourrier/apps/maarch_entreprise/merged_css.php:0
[09-Mar-2017 16:54:48 Europe/Paris] PHP   2. array_keys() /var/www/html/MaarchCourrier/apps/maarch_entreprise/merged_css.php:110
[09-Mar-2017 16:54:48 Europe/Paris] PHP Warning:  Invalid argument supplied for foreach() in /var/www/html/MaarchCourrier/apps/maarch_entreprise/merged_css.php on line 110
[09-Mar-2017 16:54:48 Europe/Paris] PHP Stack trace:
[09-Mar-2017 16:54:48 Europe/Paris] PHP   1. {main}() /var/www/html/MaarchCourrier/apps/maarch_entreprise/merged_css.php:0
[09-Mar-2017 16:54:48 Europe/Paris] PHP Warning:  include_once(apps//css/doctype_levels.css): failed to open stream: No such file or directory in /var/www/html/MaarchCourrier/apps/maarch_entreprise/merged_css.php on line 127
[09-Mar-2017 16:54:48 Europe/Paris] PHP Stack trace:
[09-Mar-2017 16:54:48 Europe/Paris] PHP   1. {main}() /var/www/html/MaarchCourrier/apps/maarch_entreprise/merged_css.php:0
[09-Mar-2017 16:54:48 Europe/Paris] PHP Warning:  include_once(): Failed opening 'apps//css/doctype_levels.css' for inclusion (include_path='/var/www/html/MaarchCourrier/:.:/usr/share/php') in /var/www/html/MaarchCourrier/apps/maarch_entreprise/merged_css.php on line 127
[09-Mar-2017 16:54:48 Europe/Paris] PHP Stack trace:
[09-Mar-2017 16:54:48 Europe/Paris] PHP   1. {main}() /var/www/html/MaarchCourrier/apps/maarch_entreprise/merged_css.php:0
[09-Mar-2017 16:54:48 Europe/Paris] PHP Warning:  include_once(apps//css/chosen.min.css): failed to open stream: No such file or directory in /var/www/html/MaarchCourrier/apps/maarch_entreprise/merged_css.php on line 128
[09-Mar-2017 16:54:48 Europe/Paris] PHP Stack trace:
[09-Mar-2017 16:54:48 Europe/Paris] PHP   1. {main}() /var/www/html/MaarchCourrier/apps/maarch_entreprise/merged_css.php:0
[09-Mar-2017 16:54:48 Europe/Paris] PHP Warning:  include_once(): Failed opening 'apps//css/chosen.min.css' for inclusion (include_path='/var/www/html/MaarchCourrier/:.:/usr/share/php') in /var/www/html/MaarchCourrier/apps/maarch_entreprise/merged_css.php on line 128
[09-Mar-2017 16:54:48 Europe/Paris] PHP Stack trace:
[09-Mar-2017 16:54:48 Europe/Paris] PHP   1. {main}() /var/www/html/MaarchCourrier/apps/maarch_entreprise/merged_css.php:0
[09-Mar-2017 17:05:07 Europe/Paris] PHP Warning:  Illegal string offset 'column' in /var/www/html/MaarchCourrier/core/Controllers/ResController.php on line 93
[09-Mar-2017 17:05:07 Europe/Paris] PHP Stack trace:
[09-Mar-2017 17:05:07 Europe/Paris] PHP   1. {main}() /var/www/html/MaarchCourrier/rest/index.php:0
[09-Mar-2017 17:05:07 Europe/Paris] PHP   2. Slim\App->run() /var/www/html/MaarchCourrier/rest/index.php:128
[09-Mar-2017 17:05:07 Europe/Paris] PHP   3. Slim\App->process() /var/www/html/MaarchCourrier/vendor/slim/slim/Slim/App.php:293
[09-Mar-2017 17:05:07 Europe/Paris] PHP   4. Slim\App->callMiddlewareStack() /var/www/html/MaarchCourrier/vendor/slim/slim/Slim/App.php:332
[09-Mar-2017 17:05:07 Europe/Paris] PHP   5. Slim\App->__invoke() /var/www/html/MaarchCourrier/vendor/slim/slim/Slim/MiddlewareAwareTrait.php:116
[09-Mar-2017 17:05:07 Europe/Paris] PHP   6. Slim\Route->run() /var/www/html/MaarchCourrier/vendor/slim/slim/Slim/App.php:438
[09-Mar-2017 17:05:07 Europe/Paris] PHP   7. Slim\Route->callMiddlewareStack() /var/www/html/MaarchCourrier/vendor/slim/slim/Slim/Route.php:316
[09-Mar-2017 17:05:07 Europe/Paris] PHP   8. Slim\Route->__invoke() /var/www/html/MaarchCourrier/vendor/slim/slim/Slim/MiddlewareAwareTrait.php:116
[09-Mar-2017 17:05:07 Europe/Paris] PHP   9. Slim\Handlers\Strategies\RequestResponse->__invoke() /var/www/html/MaarchCourrier/vendor/slim/slim/Slim/Route.php:344
[09-Mar-2017 17:05:07 Europe/Paris] PHP  10. call_user_func:{/var/www/html/MaarchCourrier/vendor/slim/slim/Slim/Handlers/Strategies/RequestResponse.php:41}() /var/www/html/MaarchCourrier/vendor/slim/slim/Slim/Handlers/Strategies/RequestResponse.php:41
[09-Mar-2017 17:05:07 Europe/Paris] PHP  11. Core\Controllers\ResController->create() /var/www/html/MaarchCourrier/vendor/slim/slim/Slim/Handlers/Strategies/RequestResponse.php:41
[09-Mar-2017 17:05:07 Europe/Paris] PHP  12. Core\Controllers\ResController->storeResource() /var/www/html/MaarchCourrier/core/Controllers/ResController.php:35
[09-Mar-2017 17:05:07 Europe/Paris] PHP Fatal error:  Cannot use string offset as an array in /var/www/html/MaarchCourrier/core/Controllers/ResController.php on line 93
[09-Mar-2017 17:05:07 Europe/Paris] PHP Stack trace:
[09-Mar-2017 17:05:07 Europe/Paris] PHP   1. {main}() /var/www/html/MaarchCourrier/rest/index.php:0
[09-Mar-2017 17:05:07 Europe/Paris] PHP   2. Slim\App->run() /var/www/html/MaarchCourrier/rest/index.php:128
[09-Mar-2017 17:05:07 Europe/Paris] PHP   3. Slim\App->process() /var/www/html/MaarchCourrier/vendor/slim/slim/Slim/App.php:293
[09-Mar-2017 17:05:07 Europe/Paris] PHP   4. Slim\App->callMiddlewareStack() /var/www/html/MaarchCourrier/vendor/slim/slim/Slim/App.php:332
[09-Mar-2017 17:05:07 Europe/Paris] PHP   5. Slim\App->__invoke() /var/www/html/MaarchCourrier/vendor/slim/slim/Slim/MiddlewareAwareTrait.php:116
[09-Mar-2017 17:05:07 Europe/Paris] PHP   6. Slim\Route->run() /var/www/html/MaarchCourrier/vendor/slim/slim/Slim/App.php:438
[09-Mar-2017 17:05:07 Europe/Paris] PHP   7. Slim\Route->callMiddlewareStack() /var/www/html/MaarchCourrier/vendor/slim/slim/Slim/Route.php:316
[09-Mar-2017 17:05:07 Europe/Paris] PHP   8. Slim\Route->__invoke() /var/www/html/MaarchCourrier/vendor/slim/slim/Slim/MiddlewareAwareTrait.php:116
[09-Mar-2017 17:05:07 Europe/Paris] PHP   9. Slim\Handlers\Strategies\RequestResponse->__invoke() /var/www/html/MaarchCourrier/vendor/slim/slim/Slim/Route.php:344
[09-Mar-2017 17:05:07 Europe/Paris] PHP  10. call_user_func:{/var/www/html/MaarchCourrier/vendor/slim/slim/Slim/Handlers/Strategies/RequestResponse.php:41}() /var/www/html/MaarchCourrier/vendor/slim/slim/Slim/Handlers/Strategies/RequestResponse.php:41
[09-Mar-2017 17:05:07 Europe/Paris] PHP  11. Core\Controllers\ResController->create() /var/www/html/MaarchCourrier/vendor/slim/slim/Slim/Handlers/Strategies/RequestResponse.php:41
[09-Mar-2017 17:05:07 Europe/Paris] PHP  12. Core\Controllers\ResController->storeResource() /var/www/html/MaarchCourrier/core/Controllers/ResController.php:35
[09-Mar-2017 17:06:16 Europe/Paris] PHP Fatal error:  Cannot use object of type stdClass as array in /var/www/html/MaarchCourrier/core/Controllers/ResController.php on line 94
[09-Mar-2017 17:06:16 Europe/Paris] PHP Stack trace:
[09-Mar-2017 17:06:16 Europe/Paris] PHP   1. {main}() /var/www/html/MaarchCourrier/rest/index.php:0
[09-Mar-2017 17:06:16 Europe/Paris] PHP   2. Slim\App->run() /var/www/html/MaarchCourrier/rest/index.php:128
[09-Mar-2017 17:06:16 Europe/Paris] PHP   3. Slim\App->process() /var/www/html/MaarchCourrier/vendor/slim/slim/Slim/App.php:293
[09-Mar-2017 17:06:16 Europe/Paris] PHP   4. Slim\App->callMiddlewareStack() /var/www/html/MaarchCourrier/vendor/slim/slim/Slim/App.php:332
[09-Mar-2017 17:06:16 Europe/Paris] PHP   5. Slim\App->__invoke() /var/www/html/MaarchCourrier/vendor/slim/slim/Slim/MiddlewareAwareTrait.php:116
[09-Mar-2017 17:06:16 Europe/Paris] PHP   6. Slim\Route->run() /var/www/html/MaarchCourrier/vendor/slim/slim/Slim/App.php:438
[09-Mar-2017 17:06:16 Europe/Paris] PHP   7. Slim\Route->callMiddlewareStack() /var/www/html/MaarchCourrier/vendor/slim/slim/Slim/Route.php:316
[09-Mar-2017 17:06:16 Europe/Paris] PHP   8. Slim\Route->__invoke() /var/www/html/MaarchCourrier/vendor/slim/slim/Slim/MiddlewareAwareTrait.php:116
[09-Mar-2017 17:06:16 Europe/Paris] PHP   9. Slim\Handlers\Strategies\RequestResponse->__invoke() /var/www/html/MaarchCourrier/vendor/slim/slim/Slim/Route.php:344
[09-Mar-2017 17:06:16 Europe/Paris] PHP  10. call_user_func:{/var/www/html/MaarchCourrier/vendor/slim/slim/Slim/Handlers/Strategies/RequestResponse.php:41}() /var/www/html/MaarchCourrier/vendor/slim/slim/Slim/Handlers/Strategies/RequestResponse.php:41
[09-Mar-2017 17:06:16 Europe/Paris] PHP  11. Core\Controllers\ResController->create() /var/www/html/MaarchCourrier/vendor/slim/slim/Slim/Handlers/Strategies/RequestResponse.php:41
[09-Mar-2017 17:06:16 Europe/Paris] PHP  12. Core\Controllers\ResController->storeResource() /var/www/html/MaarchCourrier/core/Controllers/ResController.php:36
[09-Mar-2017 17:13:15 Europe/Paris] PHP Fatal error:  Cannot use object of type stdClass as array in /var/www/html/MaarchCourrier/core/Controllers/ResController.php on line 96
[09-Mar-2017 17:13:15 Europe/Paris] PHP Stack trace:
[09-Mar-2017 17:13:15 Europe/Paris] PHP   1. {main}() /var/www/html/MaarchCourrier/rest/index.php:0
[09-Mar-2017 17:13:15 Europe/Paris] PHP   2. Slim\App->run() /var/www/html/MaarchCourrier/rest/index.php:128
[09-Mar-2017 17:13:15 Europe/Paris] PHP   3. Slim\App->process() /var/www/html/MaarchCourrier/vendor/slim/slim/Slim/App.php:293
[09-Mar-2017 17:13:15 Europe/Paris] PHP   4. Slim\App->callMiddlewareStack() /var/www/html/MaarchCourrier/vendor/slim/slim/Slim/App.php:332
[09-Mar-2017 17:13:15 Europe/Paris] PHP   5. Slim\App->__invoke() /var/www/html/MaarchCourrier/vendor/slim/slim/Slim/MiddlewareAwareTrait.php:116
[09-Mar-2017 17:13:15 Europe/Paris] PHP   6. Slim\Route->run() /var/www/html/MaarchCourrier/vendor/slim/slim/Slim/App.php:438
[09-Mar-2017 17:13:15 Europe/Paris] PHP   7. Slim\Route->callMiddlewareStack() /var/www/html/MaarchCourrier/vendor/slim/slim/Slim/Route.php:316
[09-Mar-2017 17:13:15 Europe/Paris] PHP   8. Slim\Route->__invoke() /var/www/html/MaarchCourrier/vendor/slim/slim/Slim/MiddlewareAwareTrait.php:116
[09-Mar-2017 17:13:15 Europe/Paris] PHP   9. Slim\Handlers\Strategies\RequestResponse->__invoke() /var/www/html/MaarchCourrier/vendor/slim/slim/Slim/Route.php:344
[09-Mar-2017 17:13:15 Europe/Paris] PHP  10. call_user_func:{/var/www/html/MaarchCourrier/vendor/slim/slim/Slim/Handlers/Strategies/RequestResponse.php:41}() /var/www/html/MaarchCourrier/vendor/slim/slim/Slim/Handlers/Strategies/RequestResponse.php:41
[09-Mar-2017 17:13:15 Europe/Paris] PHP  11. Core\Controllers\ResController->create() /var/www/html/MaarchCourrier/vendor/slim/slim/Slim/Handlers/Strategies/RequestResponse.php:41
[09-Mar-2017 17:13:15 Europe/Paris] PHP  12. Core\Controllers\ResController->storeResource() /var/www/html/MaarchCourrier/core/Controllers/ResController.php:38
